<?xml version="1.0" encoding="UTF-8"?>
<!-- Generated by org.testng.reporters.JUnitXMLReporter -->
<testsuite ignored="3" hostname="vasim" failures="0" tests="5" name="groupingtest" time="0.081" errors="0" timestamp="2025-01-29T22:27:03 EST">
  <testcase classname="day15.LoginTest" name="loginbyfacebook" time="0.014"/>
  <testcase classname="day15.LoginTest" name="loginbyemail" time="0.001"/>
  <testcase classname="day15.LoginTest" name="loginbytwitter" time="0.001"/>
  <testcase classname="day15.Payments" name="paymentinruppe" time="0.002"/>
  <testcase classname="day15.Payments" name="paymentindoller" time="0.001"/>
  <testcase classname="day15.SignupTest" name="signupwithemail" time="0.0">
    <ignored/>
  </testcase> <!-- signupwithemail -->
  <testcase classname="day15.SignupTest" name="signupwithtwitter" time="0.0">
    <ignored/>
  </testcase> <!-- signupwithtwitter -->
  <testcase classname="day15.SignupTest" name="signupwithFB" time="0.0">
    <ignored/>
  </testcase> <!-- signupwithFB -->
</testsuite> <!-- groupingtest -->
