<?xml version="1.0" encoding="UTF-8"?>
<!-- Generated by org.testng.reporters.JUnitReportReporter -->
<testsuite hostname="vasim" failures="0" tests="3" name="day15.SignupTest" time="0.003" errors="0" timestamp="2025-01-29T22:17:27 EST" skipped="0">
  <testcase classname="day15.SignupTest" name="signupwithFB" time="0.001"/>
  <testcase classname="day15.SignupTest" name="signupwithemail" time="0.001"/>
  <testcase classname="day15.SignupTest" name="signupwithtwitter" time="0.001"/>
</testsuite> <!-- day15.SignupTest -->
