<?xml version="1.0" encoding="UTF-8"?>
<!-- Generated by org.testng.reporters.JUnitReportReporter -->
<testsuite hostname="vasim" failures="0" tests="3" name="day15.LoginTest" time="0.016" errors="0" timestamp="2025-01-29T22:27:04 EST" skipped="0">
  <testcase classname="day15.LoginTest" name="loginbyfacebook" time="0.014"/>
  <testcase classname="day15.LoginTest" name="loginbyemail" time="0.001"/>
  <testcase classname="day15.LoginTest" name="loginbytwitter" time="0.001"/>
</testsuite> <!-- day15.LoginTest -->
